2026-01-31 13:43:24 [http-nio-8090-exec-3] ERROR c.r.job.utils.exception.GlobalExceptionHandle: 62 - 
### Error querying database.  Cause: java.sql.SQLSyntaxErrorException: Unknown column 'category_info' in 'field list'
### The error may exist in com/reginyuan/job/mapper/JobsMapper.java (best guess)
### The error may involve defaultParameterMap
### The error occurred while setting parameters
### SQL: SELECT   id,job_title,category_name,salary,city,company,publish_time,category_info   FROM jobs           ORDER BY publish_time DESC LIMIT ?
### Cause: java.sql.SQLSyntaxErrorException: Unknown column 'category_info' in 'field list'
; bad SQL grammar []; nested exception is java.sql.SQLSyntaxErrorException: Unknown column 'category_info' in 'field list'
2026-01-31 13:47:52 [http-nio-8090-exec-6] ERROR c.r.job.utils.exception.GlobalExceptionHandle: 62 - 
### Error querying database.  Cause: java.sql.SQLSyntaxErrorException: Unknown column 'category_info' in 'field list'
### The error may exist in com/reginyuan/job/mapper/JobsMapper.java (best guess)
### The error may involve defaultParameterMap
### The error occurred while setting parameters
### SQL: SELECT   id,job_title,category_name,salary,city,company,publish_time,category_info   FROM jobs           ORDER BY publish_time DESC LIMIT ?
### Cause: java.sql.SQLSyntaxErrorException: Unknown column 'category_info' in 'field list'
; bad SQL grammar []; nested exception is java.sql.SQLSyntaxErrorException: Unknown column 'category_info' in 'field list'
2026-01-31 13:48:00 [http-nio-8090-exec-7] ERROR c.r.job.utils.exception.GlobalExceptionHandle: 62 - 
### Error querying database.  Cause: java.sql.SQLSyntaxErrorException: Unknown column 'category_info' in 'field list'
### The error may exist in com/reginyuan/job/mapper/JobsMapper.java (best guess)
### The error may involve defaultParameterMap
### The error occurred while setting parameters
### SQL: SELECT   id,job_title,category_name,salary,city,company,publish_time,category_info   FROM jobs           ORDER BY publish_time DESC LIMIT ?
### Cause: java.sql.SQLSyntaxErrorException: Unknown column 'category_info' in 'field list'
; bad SQL grammar []; nested exception is java.sql.SQLSyntaxErrorException: Unknown column 'category_info' in 'field list'
2026-01-31 13:48:32 [http-nio-8090-exec-10] ERROR c.r.job.utils.exception.GlobalExceptionHandle: 62 - 
### Error querying database.  Cause: java.sql.SQLSyntaxErrorException: Unknown column 'category_info' in 'field list'
### The error may exist in com/reginyuan/job/mapper/JobsMapper.java (best guess)
### The error may involve defaultParameterMap
### The error occurred while setting parameters
### SQL: SELECT   id,job_title,category_name,salary,city,company,publish_time,category_info   FROM jobs           ORDER BY publish_time DESC LIMIT ?
### Cause: java.sql.SQLSyntaxErrorException: Unknown column 'category_info' in 'field list'
; bad SQL grammar []; nested exception is java.sql.SQLSyntaxErrorException: Unknown column 'category_info' in 'field list'
2026-01-31 13:58:02 [restartedMain] ERROR o.s.b.diagnostics.LoggingFailureAnalysisReporter: 40 - 

***************************
APPLICATION FAILED TO START
***************************

Description:

A component required a bean of type 'com.reginyuan.job.service.JobsService' that could not be found.


Action:

Consider defining a bean of type 'com.reginyuan.job.service.JobsService' in your configuration.

2026-01-31 17:03:57 [http-nio-8090-exec-2] ERROR c.r.job.utils.exception.GlobalExceptionHandle: 62 - Failed to convert value of type 'java.lang.String' to required type 'java.lang.Integer'; nested exception is java.lang.NumberFormatException: For input string: "page"
2026-01-31 17:04:11 [http-nio-8090-exec-5] ERROR c.r.job.utils.exception.GlobalExceptionHandle: 62 - Failed to convert value of type 'java.lang.String' to required type 'java.lang.Integer'; nested exception is java.lang.NumberFormatException: For input string: "page"
2026-01-31 17:06:35 [http-nio-8090-exec-6] ERROR c.r.job.utils.exception.GlobalExceptionHandle: 62 - Failed to convert value of type 'java.lang.String' to required type 'java.lang.Integer'; nested exception is java.lang.NumberFormatException: For input string: "page"
2026-01-31 17:07:36 [http-nio-8090-exec-9] ERROR c.r.job.utils.exception.GlobalExceptionHandle: 62 - Failed to convert value of type 'java.lang.String' to required type 'java.lang.Integer'; nested exception is java.lang.NumberFormatException: For input string: "page"
2026-01-31 17:07:42 [http-nio-8090-exec-10] ERROR c.r.job.utils.exception.GlobalExceptionHandle: 62 - Failed to convert value of type 'java.lang.String' to required type 'java.lang.Integer'; nested exception is java.lang.NumberFormatException: For input string: "page"
2026-01-31 17:09:24 [http-nio-8090-exec-1] ERROR c.r.job.utils.exception.GlobalExceptionHandle: 62 - Failed to convert value of type 'java.lang.String' to required type 'java.lang.Integer'; nested exception is java.lang.NumberFormatException: For input string: "page"
2026-01-31 17:15:30 [http-nio-8090-exec-4] ERROR c.r.job.utils.exception.GlobalExceptionHandle: 62 - Failed to convert value of type 'java.lang.String' to required type 'java.lang.Integer'; nested exception is java.lang.NumberFormatException: For input string: "page"
2026-01-31 17:17:58 [http-nio-8090-exec-3] ERROR c.r.job.utils.exception.GlobalExceptionHandle: 62 - Failed to convert value of type 'java.lang.String' to required type 'java.lang.Integer'; nested exception is java.lang.NumberFormatException: For input string: "page"
