2026-01-31 13:43:10 [restartedMain] WARN  org.mybatis.spring.mapper.ClassPathMapperScanner - Skipping MapperFactoryBean with name 'jobCategoryMapper' and 'com.reginyuan.job.mapper.JobCategoryMapper' mapperInterface. Bean already defined with the same name!
2026-01-31 13:43:10 [restartedMain] WARN  org.mybatis.spring.mapper.ClassPathMapperScanner - Skipping MapperFactoryBean with name 'jobsMapper' and 'com.reginyuan.job.mapper.JobsMapper' mapperInterface. Bean already defined with the same name!
2026-01-31 13:43:10 [restartedMain] WARN  org.mybatis.spring.mapper.ClassPathMapperScanner - No MyBatis mapper was found in '[com.reginyuan.job.mapper]' package. Please check your configuration.
2026-01-31 13:43:24 [http-nio-8090-exec-3] WARN  o.s.w.s.m.m.a.ExceptionHandlerExceptionResolver - Resolved [org.springframework.jdbc.BadSqlGrammarException: <EOL><EOL>### Error querying database.  Cause: java.sql.SQLSyntaxErrorException: Unknown column 'category_info' in 'field list'<EOL><EOL>### The error may exist in com/reginyuan/job/mapper/JobsMapper.java (best guess)<EOL><EOL>### The error may involve defaultParameterMap<EOL><EOL>### The error occurred while setting parameters<EOL><EOL>### SQL: SELECT   id,job_title,category_name,salary,city,company,publish_time,category_info   FROM jobs           ORDER BY publish_time DESC LIMIT ?<EOL><EOL>### Cause: java.sql.SQLSyntaxErrorException: Unknown column 'category_info' in 'field list'<EOL>; bad SQL grammar []; nested exception is java.sql.SQLSyntaxErrorException: Unknown column 'category_info' in 'field list']
2026-01-31 13:47:52 [http-nio-8090-exec-6] WARN  o.s.w.s.m.m.a.ExceptionHandlerExceptionResolver - Resolved [org.springframework.jdbc.BadSqlGrammarException: <EOL><EOL>### Error querying database.  Cause: java.sql.SQLSyntaxErrorException: Unknown column 'category_info' in 'field list'<EOL><EOL>### The error may exist in com/reginyuan/job/mapper/JobsMapper.java (best guess)<EOL><EOL>### The error may involve defaultParameterMap<EOL><EOL>### The error occurred while setting parameters<EOL><EOL>### SQL: SELECT   id,job_title,category_name,salary,city,company,publish_time,category_info   FROM jobs           ORDER BY publish_time DESC LIMIT ?<EOL><EOL>### Cause: java.sql.SQLSyntaxErrorException: Unknown column 'category_info' in 'field list'<EOL>; bad SQL grammar []; nested exception is java.sql.SQLSyntaxErrorException: Unknown column 'category_info' in 'field list']
2026-01-31 13:48:00 [http-nio-8090-exec-7] WARN  o.s.w.s.m.m.a.ExceptionHandlerExceptionResolver - Resolved [org.springframework.jdbc.BadSqlGrammarException: <EOL><EOL>### Error querying database.  Cause: java.sql.SQLSyntaxErrorException: Unknown column 'category_info' in 'field list'<EOL><EOL>### The error may exist in com/reginyuan/job/mapper/JobsMapper.java (best guess)<EOL><EOL>### The error may involve defaultParameterMap<EOL><EOL>### The error occurred while setting parameters<EOL><EOL>### SQL: SELECT   id,job_title,category_name,salary,city,company,publish_time,category_info   FROM jobs           ORDER BY publish_time DESC LIMIT ?<EOL><EOL>### Cause: java.sql.SQLSyntaxErrorException: Unknown column 'category_info' in 'field list'<EOL>; bad SQL grammar []; nested exception is java.sql.SQLSyntaxErrorException: Unknown column 'category_info' in 'field list']
2026-01-31 13:48:32 [http-nio-8090-exec-10] WARN  o.s.w.s.m.m.a.ExceptionHandlerExceptionResolver - Resolved [org.springframework.jdbc.BadSqlGrammarException: <EOL><EOL>### Error querying database.  Cause: java.sql.SQLSyntaxErrorException: Unknown column 'category_info' in 'field list'<EOL><EOL>### The error may exist in com/reginyuan/job/mapper/JobsMapper.java (best guess)<EOL><EOL>### The error may involve defaultParameterMap<EOL><EOL>### The error occurred while setting parameters<EOL><EOL>### SQL: SELECT   id,job_title,category_name,salary,city,company,publish_time,category_info   FROM jobs           ORDER BY publish_time DESC LIMIT ?<EOL><EOL>### Cause: java.sql.SQLSyntaxErrorException: Unknown column 'category_info' in 'field list'<EOL>; bad SQL grammar []; nested exception is java.sql.SQLSyntaxErrorException: Unknown column 'category_info' in 'field list']
2026-01-31 13:58:02 [Thread-5] WARN  org.apache.catalina.loader.WebappClassLoaderBase - The web application [ROOT] appears to have started a thread named [HikariPool-1 housekeeper] but has failed to stop it. This is very likely to create a memory leak. Stack trace of thread:
 sun.misc.Unsafe.park(Native Method)
 java.util.concurrent.locks.LockSupport.parkNanos(LockSupport.java:215)
 java.util.concurrent.locks.AbstractQueuedSynchronizer$ConditionObject.awaitNanos(AbstractQueuedSynchronizer.java:2078)
 java.util.concurrent.ScheduledThreadPoolExecutor$DelayedWorkQueue.take(ScheduledThreadPoolExecutor.java:1093)
 java.util.concurrent.ScheduledThreadPoolExecutor$DelayedWorkQueue.take(ScheduledThreadPoolExecutor.java:809)
 java.util.concurrent.ThreadPoolExecutor.getTask(ThreadPoolExecutor.java:1074)
 java.util.concurrent.ThreadPoolExecutor.runWorker(ThreadPoolExecutor.java:1134)
 java.util.concurrent.ThreadPoolExecutor$Worker.run(ThreadPoolExecutor.java:624)
 java.lang.Thread.run(Thread.java:750)
2026-01-31 13:58:02 [Thread-5] WARN  org.apache.catalina.loader.WebappClassLoaderBase - The web application [ROOT] appears to have started a thread named [logback-4] but has failed to stop it. This is very likely to create a memory leak. Stack trace of thread:
 sun.misc.Unsafe.park(Native Method)
 java.util.concurrent.locks.LockSupport.park(LockSupport.java:175)
 java.util.concurrent.locks.AbstractQueuedSynchronizer$ConditionObject.await(AbstractQueuedSynchronizer.java:2039)
 java.util.concurrent.ScheduledThreadPoolExecutor$DelayedWorkQueue.take(ScheduledThreadPoolExecutor.java:1088)
 java.util.concurrent.ScheduledThreadPoolExecutor$DelayedWorkQueue.take(ScheduledThreadPoolExecutor.java:809)
 java.util.concurrent.ThreadPoolExecutor.getTask(ThreadPoolExecutor.java:1074)
 java.util.concurrent.ThreadPoolExecutor.runWorker(ThreadPoolExecutor.java:1134)
 java.util.concurrent.ThreadPoolExecutor$Worker.run(ThreadPoolExecutor.java:624)
 java.lang.Thread.run(Thread.java:750)
2026-01-31 13:58:02 [Thread-5] WARN  org.apache.catalina.loader.WebappClassLoaderBase - The web application [ROOT] appears to have started a thread named [logback-7] but has failed to stop it. This is very likely to create a memory leak. Stack trace of thread:
 sun.misc.Unsafe.park(Native Method)
 java.util.concurrent.locks.LockSupport.park(LockSupport.java:175)
 java.util.concurrent.locks.AbstractQueuedSynchronizer$ConditionObject.await(AbstractQueuedSynchronizer.java:2039)
 java.util.concurrent.ScheduledThreadPoolExecutor$DelayedWorkQueue.take(ScheduledThreadPoolExecutor.java:1088)
 java.util.concurrent.ScheduledThreadPoolExecutor$DelayedWorkQueue.take(ScheduledThreadPoolExecutor.java:809)
 java.util.concurrent.ThreadPoolExecutor.getTask(ThreadPoolExecutor.java:1074)
 java.util.concurrent.ThreadPoolExecutor.runWorker(ThreadPoolExecutor.java:1134)
 java.util.concurrent.ThreadPoolExecutor$Worker.run(ThreadPoolExecutor.java:624)
 java.lang.Thread.run(Thread.java:750)
2026-01-31 13:58:02 [restartedMain] WARN  org.mybatis.spring.mapper.ClassPathMapperScanner - Skipping MapperFactoryBean with name 'jobCategoryMapper' and 'com.reginyuan.job.mapper.JobCategoryMapper' mapperInterface. Bean already defined with the same name!
2026-01-31 13:58:02 [restartedMain] WARN  org.mybatis.spring.mapper.ClassPathMapperScanner - Skipping MapperFactoryBean with name 'jobsMapper' and 'com.reginyuan.job.mapper.JobsMapper' mapperInterface. Bean already defined with the same name!
2026-01-31 13:58:02 [restartedMain] WARN  org.mybatis.spring.mapper.ClassPathMapperScanner - No MyBatis mapper was found in '[com.reginyuan.job.mapper]' package. Please check your configuration.
2026-01-31 13:58:02 [restartedMain] WARN  o.s.b.w.s.c.AnnotationConfigServletWebServerApplicationContext - Exception encountered during context initialization - cancelling refresh attempt: org.springframework.beans.factory.BeanCreationException: Error creating bean with name 'jobController': Injection of resource dependencies failed; nested exception is org.springframework.beans.factory.NoSuchBeanDefinitionException: No qualifying bean of type 'com.reginyuan.job.service.JobsService' available: expected at least 1 bean which qualifies as autowire candidate. Dependency annotations: {@javax.annotation.Resource(shareable=true, lookup=, name=, description=, authenticationType=CONTAINER, type=class java.lang.Object, mappedName=)}
2026-01-31 13:58:04 [restartedMain] WARN  org.mybatis.spring.mapper.ClassPathMapperScanner - Skipping MapperFactoryBean with name 'jobCategoryMapper' and 'com.reginyuan.job.mapper.JobCategoryMapper' mapperInterface. Bean already defined with the same name!
2026-01-31 13:58:04 [restartedMain] WARN  org.mybatis.spring.mapper.ClassPathMapperScanner - Skipping MapperFactoryBean with name 'jobsMapper' and 'com.reginyuan.job.mapper.JobsMapper' mapperInterface. Bean already defined with the same name!
2026-01-31 13:58:04 [restartedMain] WARN  org.mybatis.spring.mapper.ClassPathMapperScanner - No MyBatis mapper was found in '[com.reginyuan.job.mapper]' package. Please check your configuration.
2026-01-31 17:03:57 [http-nio-8090-exec-2] WARN  o.s.w.s.m.m.a.ExceptionHandlerExceptionResolver - Resolved [org.springframework.web.method.annotation.MethodArgumentTypeMismatchException: Failed to convert value of type 'java.lang.String' to required type 'java.lang.Integer'; nested exception is java.lang.NumberFormatException: For input string: "page"]
2026-01-31 17:04:11 [http-nio-8090-exec-5] WARN  o.s.w.s.m.m.a.ExceptionHandlerExceptionResolver - Resolved [org.springframework.web.method.annotation.MethodArgumentTypeMismatchException: Failed to convert value of type 'java.lang.String' to required type 'java.lang.Integer'; nested exception is java.lang.NumberFormatException: For input string: "page"]
2026-01-31 17:06:35 [http-nio-8090-exec-6] WARN  o.s.w.s.m.m.a.ExceptionHandlerExceptionResolver - Resolved [org.springframework.web.method.annotation.MethodArgumentTypeMismatchException: Failed to convert value of type 'java.lang.String' to required type 'java.lang.Integer'; nested exception is java.lang.NumberFormatException: For input string: "page"]
2026-01-31 17:07:36 [http-nio-8090-exec-9] WARN  o.s.w.s.m.m.a.ExceptionHandlerExceptionResolver - Resolved [org.springframework.web.method.annotation.MethodArgumentTypeMismatchException: Failed to convert value of type 'java.lang.String' to required type 'java.lang.Integer'; nested exception is java.lang.NumberFormatException: For input string: "page"]
2026-01-31 17:07:42 [http-nio-8090-exec-10] WARN  o.s.w.s.m.m.a.ExceptionHandlerExceptionResolver - Resolved [org.springframework.web.method.annotation.MethodArgumentTypeMismatchException: Failed to convert value of type 'java.lang.String' to required type 'java.lang.Integer'; nested exception is java.lang.NumberFormatException: For input string: "page"]
2026-01-31 17:09:24 [http-nio-8090-exec-1] WARN  o.s.w.s.m.m.a.ExceptionHandlerExceptionResolver - Resolved [org.springframework.web.method.annotation.MethodArgumentTypeMismatchException: Failed to convert value of type 'java.lang.String' to required type 'java.lang.Integer'; nested exception is java.lang.NumberFormatException: For input string: "page"]
2026-01-31 17:15:30 [http-nio-8090-exec-4] WARN  o.s.w.s.m.m.a.ExceptionHandlerExceptionResolver - Resolved [org.springframework.web.method.annotation.MethodArgumentTypeMismatchException: Failed to convert value of type 'java.lang.String' to required type 'java.lang.Integer'; nested exception is java.lang.NumberFormatException: For input string: "page"]
2026-01-31 17:17:58 [http-nio-8090-exec-3] WARN  o.s.w.s.m.m.a.ExceptionHandlerExceptionResolver - Resolved [org.springframework.web.method.annotation.MethodArgumentTypeMismatchException: Failed to convert value of type 'java.lang.String' to required type 'java.lang.Integer'; nested exception is java.lang.NumberFormatException: For input string: "page"]
2026-01-31 17:19:34 [Thread-8] WARN  org.apache.catalina.loader.WebappClassLoaderBase - The web application [ROOT] appears to have started a thread named [HikariPool-2 housekeeper] but has failed to stop it. This is very likely to create a memory leak. Stack trace of thread:
 sun.misc.Unsafe.park(Native Method)
 java.util.concurrent.locks.LockSupport.parkNanos(LockSupport.java:215)
 java.util.concurrent.locks.AbstractQueuedSynchronizer$ConditionObject.awaitNanos(AbstractQueuedSynchronizer.java:2078)
 java.util.concurrent.ScheduledThreadPoolExecutor$DelayedWorkQueue.take(ScheduledThreadPoolExecutor.java:1093)
 java.util.concurrent.ScheduledThreadPoolExecutor$DelayedWorkQueue.take(ScheduledThreadPoolExecutor.java:809)
 java.util.concurrent.ThreadPoolExecutor.getTask(ThreadPoolExecutor.java:1074)
 java.util.concurrent.ThreadPoolExecutor.runWorker(ThreadPoolExecutor.java:1134)
 java.util.concurrent.ThreadPoolExecutor$Worker.run(ThreadPoolExecutor.java:624)
 java.lang.Thread.run(Thread.java:750)
2026-01-31 17:19:35 [restartedMain] WARN  org.mybatis.spring.mapper.ClassPathMapperScanner - Skipping MapperFactoryBean with name 'jobCategoryMapper' and 'com.reginyuan.job.mapper.JobCategoryMapper' mapperInterface. Bean already defined with the same name!
2026-01-31 17:19:35 [restartedMain] WARN  org.mybatis.spring.mapper.ClassPathMapperScanner - Skipping MapperFactoryBean with name 'jobsMapper' and 'com.reginyuan.job.mapper.JobsMapper' mapperInterface. Bean already defined with the same name!
2026-01-31 17:19:35 [restartedMain] WARN  org.mybatis.spring.mapper.ClassPathMapperScanner - No MyBatis mapper was found in '[com.reginyuan.job.mapper]' package. Please check your configuration.
2026-01-31 17:20:01 [restartedMain] WARN  org.mybatis.spring.mapper.ClassPathMapperScanner - Skipping MapperFactoryBean with name 'jobCategoryMapper' and 'com.reginyuan.job.mapper.JobCategoryMapper' mapperInterface. Bean already defined with the same name!
2026-01-31 17:20:01 [restartedMain] WARN  org.mybatis.spring.mapper.ClassPathMapperScanner - Skipping MapperFactoryBean with name 'jobsMapper' and 'com.reginyuan.job.mapper.JobsMapper' mapperInterface. Bean already defined with the same name!
2026-01-31 17:20:01 [restartedMain] WARN  org.mybatis.spring.mapper.ClassPathMapperScanner - No MyBatis mapper was found in '[com.reginyuan.job.mapper]' package. Please check your configuration.
2026-01-31 17:20:19 [restartedMain] WARN  org.mybatis.spring.mapper.ClassPathMapperScanner - Skipping MapperFactoryBean with name 'jobCategoryMapper' and 'com.reginyuan.job.mapper.JobCategoryMapper' mapperInterface. Bean already defined with the same name!
2026-01-31 17:20:19 [restartedMain] WARN  org.mybatis.spring.mapper.ClassPathMapperScanner - Skipping MapperFactoryBean with name 'jobsMapper' and 'com.reginyuan.job.mapper.JobsMapper' mapperInterface. Bean already defined with the same name!
2026-01-31 17:20:19 [restartedMain] WARN  org.mybatis.spring.mapper.ClassPathMapperScanner - No MyBatis mapper was found in '[com.reginyuan.job.mapper]' package. Please check your configuration.
2026-01-31 17:20:21 [restartedMain] WARN  org.mybatis.spring.mapper.ClassPathMapperScanner - Skipping MapperFactoryBean with name 'jobCategoryMapper' and 'com.reginyuan.job.mapper.JobCategoryMapper' mapperInterface. Bean already defined with the same name!
2026-01-31 17:20:21 [restartedMain] WARN  org.mybatis.spring.mapper.ClassPathMapperScanner - Skipping MapperFactoryBean with name 'jobsMapper' and 'com.reginyuan.job.mapper.JobsMapper' mapperInterface. Bean already defined with the same name!
2026-01-31 17:20:21 [restartedMain] WARN  org.mybatis.spring.mapper.ClassPathMapperScanner - No MyBatis mapper was found in '[com.reginyuan.job.mapper]' package. Please check your configuration.
2026-01-31 17:23:19 [restartedMain] WARN  org.mybatis.spring.mapper.ClassPathMapperScanner - Skipping MapperFactoryBean with name 'jobCategoryMapper' and 'com.reginyuan.job.mapper.JobCategoryMapper' mapperInterface. Bean already defined with the same name!
2026-01-31 17:23:19 [restartedMain] WARN  org.mybatis.spring.mapper.ClassPathMapperScanner - Skipping MapperFactoryBean with name 'jobsMapper' and 'com.reginyuan.job.mapper.JobsMapper' mapperInterface. Bean already defined with the same name!
2026-01-31 17:23:19 [restartedMain] WARN  org.mybatis.spring.mapper.ClassPathMapperScanner - No MyBatis mapper was found in '[com.reginyuan.job.mapper]' package. Please check your configuration.
2026-01-31 17:23:22 [restartedMain] WARN  org.mybatis.spring.mapper.ClassPathMapperScanner - Skipping MapperFactoryBean with name 'jobCategoryMapper' and 'com.reginyuan.job.mapper.JobCategoryMapper' mapperInterface. Bean already defined with the same name!
2026-01-31 17:23:22 [restartedMain] WARN  org.mybatis.spring.mapper.ClassPathMapperScanner - Skipping MapperFactoryBean with name 'jobsMapper' and 'com.reginyuan.job.mapper.JobsMapper' mapperInterface. Bean already defined with the same name!
2026-01-31 17:23:22 [restartedMain] WARN  org.mybatis.spring.mapper.ClassPathMapperScanner - No MyBatis mapper was found in '[com.reginyuan.job.mapper]' package. Please check your configuration.
2026-01-31 17:24:10 [restartedMain] WARN  org.mybatis.spring.mapper.ClassPathMapperScanner - Skipping MapperFactoryBean with name 'jobCategoryMapper' and 'com.reginyuan.job.mapper.JobCategoryMapper' mapperInterface. Bean already defined with the same name!
2026-01-31 17:24:10 [restartedMain] WARN  org.mybatis.spring.mapper.ClassPathMapperScanner - Skipping MapperFactoryBean with name 'jobsMapper' and 'com.reginyuan.job.mapper.JobsMapper' mapperInterface. Bean already defined with the same name!
2026-01-31 17:24:10 [restartedMain] WARN  org.mybatis.spring.mapper.ClassPathMapperScanner - No MyBatis mapper was found in '[com.reginyuan.job.mapper]' package. Please check your configuration.
2026-01-31 17:24:12 [restartedMain] WARN  org.mybatis.spring.mapper.ClassPathMapperScanner - Skipping MapperFactoryBean with name 'jobCategoryMapper' and 'com.reginyuan.job.mapper.JobCategoryMapper' mapperInterface. Bean already defined with the same name!
2026-01-31 17:24:12 [restartedMain] WARN  org.mybatis.spring.mapper.ClassPathMapperScanner - Skipping MapperFactoryBean with name 'jobsMapper' and 'com.reginyuan.job.mapper.JobsMapper' mapperInterface. Bean already defined with the same name!
2026-01-31 17:24:12 [restartedMain] WARN  org.mybatis.spring.mapper.ClassPathMapperScanner - No MyBatis mapper was found in '[com.reginyuan.job.mapper]' package. Please check your configuration.
