2026-02-03 11:54:54 [restartedMain] WARN  org.mybatis.spring.mapper.ClassPathMapperScanner - Skipping MapperFactoryBean with name 'jobCategoryMapper' and 'com.reginyuan.job.mapper.JobCategoryMapper' mapperInterface. Bean already defined with the same name!
2026-02-03 11:54:54 [restartedMain] WARN  org.mybatis.spring.mapper.ClassPathMapperScanner - Skipping MapperFactoryBean with name 'jobsMapper' and 'com.reginyuan.job.mapper.JobsMapper' mapperInterface. Bean already defined with the same name!
2026-02-03 11:54:54 [restartedMain] WARN  org.mybatis.spring.mapper.ClassPathMapperScanner - No MyBatis mapper was found in '[com.reginyuan.job.mapper]' package. Please check your configuration.
2026-02-03 12:25:59 [Thread-5] WARN  org.apache.catalina.loader.WebappClassLoaderBase - The web application [ROOT] appears to have started a thread named [HikariPool-1 housekeeper] but has failed to stop it. This is very likely to create a memory leak. Stack trace of thread:
 sun.misc.Unsafe.park(Native Method)
 java.util.concurrent.locks.LockSupport.parkNanos(LockSupport.java:215)
 java.util.concurrent.locks.AbstractQueuedSynchronizer$ConditionObject.awaitNanos(AbstractQueuedSynchronizer.java:2078)
 java.util.concurrent.ScheduledThreadPoolExecutor$DelayedWorkQueue.take(ScheduledThreadPoolExecutor.java:1093)
 java.util.concurrent.ScheduledThreadPoolExecutor$DelayedWorkQueue.take(ScheduledThreadPoolExecutor.java:809)
 java.util.concurrent.ThreadPoolExecutor.getTask(ThreadPoolExecutor.java:1074)
 java.util.concurrent.ThreadPoolExecutor.runWorker(ThreadPoolExecutor.java:1134)
 java.util.concurrent.ThreadPoolExecutor$Worker.run(ThreadPoolExecutor.java:624)
 java.lang.Thread.run(Thread.java:750)
2026-02-03 12:25:59 [restartedMain] WARN  org.mybatis.spring.mapper.ClassPathMapperScanner - Skipping MapperFactoryBean with name 'jobCategoryMapper' and 'com.reginyuan.job.mapper.JobCategoryMapper' mapperInterface. Bean already defined with the same name!
2026-02-03 12:25:59 [restartedMain] WARN  org.mybatis.spring.mapper.ClassPathMapperScanner - Skipping MapperFactoryBean with name 'jobsMapper' and 'com.reginyuan.job.mapper.JobsMapper' mapperInterface. Bean already defined with the same name!
2026-02-03 12:25:59 [restartedMain] WARN  org.mybatis.spring.mapper.ClassPathMapperScanner - No MyBatis mapper was found in '[com.reginyuan.job.mapper]' package. Please check your configuration.
2026-02-03 12:26:25 [restartedMain] WARN  org.mybatis.spring.mapper.ClassPathMapperScanner - Skipping MapperFactoryBean with name 'jobCategoryMapper' and 'com.reginyuan.job.mapper.JobCategoryMapper' mapperInterface. Bean already defined with the same name!
2026-02-03 12:26:25 [restartedMain] WARN  org.mybatis.spring.mapper.ClassPathMapperScanner - Skipping MapperFactoryBean with name 'jobsMapper' and 'com.reginyuan.job.mapper.JobsMapper' mapperInterface. Bean already defined with the same name!
2026-02-03 12:26:25 [restartedMain] WARN  org.mybatis.spring.mapper.ClassPathMapperScanner - No MyBatis mapper was found in '[com.reginyuan.job.mapper]' package. Please check your configuration.
2026-02-03 12:26:28 [restartedMain] WARN  org.mybatis.spring.mapper.ClassPathMapperScanner - Skipping MapperFactoryBean with name 'jobCategoryMapper' and 'com.reginyuan.job.mapper.JobCategoryMapper' mapperInterface. Bean already defined with the same name!
2026-02-03 12:26:28 [restartedMain] WARN  org.mybatis.spring.mapper.ClassPathMapperScanner - Skipping MapperFactoryBean with name 'jobsMapper' and 'com.reginyuan.job.mapper.JobsMapper' mapperInterface. Bean already defined with the same name!
2026-02-03 12:26:28 [restartedMain] WARN  org.mybatis.spring.mapper.ClassPathMapperScanner - No MyBatis mapper was found in '[com.reginyuan.job.mapper]' package. Please check your configuration.
2026-02-03 12:27:03 [restartedMain] WARN  org.mybatis.spring.mapper.ClassPathMapperScanner - Skipping MapperFactoryBean with name 'jobCategoryMapper' and 'com.reginyuan.job.mapper.JobCategoryMapper' mapperInterface. Bean already defined with the same name!
2026-02-03 12:27:03 [restartedMain] WARN  org.mybatis.spring.mapper.ClassPathMapperScanner - No MyBatis mapper was found in '[com.reginyuan.job.mapper]' package. Please check your configuration.
2026-02-03 12:27:03 [restartedMain] WARN  o.s.b.w.s.c.AnnotationConfigServletWebServerApplicationContext - Exception encountered during context initialization - cancelling refresh attempt: org.springframework.beans.factory.BeanCreationException: Error creating bean with name 'jobController': Injection of resource dependencies failed; nested exception is org.springframework.beans.factory.BeanCreationException: Error creating bean with name 'jobsServiceImpl' defined in file [D:\code\java\job\target\classes\com\reginyuan\job\service\impl\JobsServiceImpl.class]: Instantiation of bean failed; nested exception is org.springframework.beans.BeanInstantiationException: Failed to instantiate [com.reginyuan.job.service.impl.JobsServiceImpl]: Constructor threw exception; nested exception is java.lang.NullPointerException
2026-02-03 12:27:06 [restartedMain] WARN  org.mybatis.spring.mapper.ClassPathMapperScanner - Skipping MapperFactoryBean with name 'jobCategoryMapper' and 'com.reginyuan.job.mapper.JobCategoryMapper' mapperInterface. Bean already defined with the same name!
2026-02-03 12:27:06 [restartedMain] WARN  org.mybatis.spring.mapper.ClassPathMapperScanner - Skipping MapperFactoryBean with name 'jobsMapper' and 'com.reginyuan.job.mapper.JobsMapper' mapperInterface. Bean already defined with the same name!
2026-02-03 12:27:06 [restartedMain] WARN  org.mybatis.spring.mapper.ClassPathMapperScanner - No MyBatis mapper was found in '[com.reginyuan.job.mapper]' package. Please check your configuration.
2026-02-03 12:27:40 [restartedMain] WARN  org.mybatis.spring.mapper.ClassPathMapperScanner - Skipping MapperFactoryBean with name 'jobCategoryMapper' and 'com.reginyuan.job.mapper.JobCategoryMapper' mapperInterface. Bean already defined with the same name!
2026-02-03 12:27:40 [restartedMain] WARN  org.mybatis.spring.mapper.ClassPathMapperScanner - No MyBatis mapper was found in '[com.reginyuan.job.mapper]' package. Please check your configuration.
2026-02-03 12:27:40 [restartedMain] WARN  o.s.b.w.s.c.AnnotationConfigServletWebServerApplicationContext - Exception encountered during context initialization - cancelling refresh attempt: org.springframework.beans.factory.BeanCreationException: Error creating bean with name 'jobController': Injection of resource dependencies failed; nested exception is org.springframework.beans.factory.BeanCreationException: Error creating bean with name 'jobsServiceImpl' defined in file [D:\code\java\job\target\classes\com\reginyuan\job\service\impl\JobsServiceImpl.class]: Instantiation of bean failed; nested exception is org.springframework.beans.BeanInstantiationException: Failed to instantiate [com.reginyuan.job.service.impl.JobsServiceImpl]: Constructor threw exception; nested exception is java.lang.NullPointerException
2026-02-03 12:27:42 [restartedMain] WARN  org.mybatis.spring.mapper.ClassPathMapperScanner - Skipping MapperFactoryBean with name 'jobCategoryMapper' and 'com.reginyuan.job.mapper.JobCategoryMapper' mapperInterface. Bean already defined with the same name!
2026-02-03 12:27:42 [restartedMain] WARN  org.mybatis.spring.mapper.ClassPathMapperScanner - Skipping MapperFactoryBean with name 'jobsMapper' and 'com.reginyuan.job.mapper.JobsMapper' mapperInterface. Bean already defined with the same name!
2026-02-03 12:27:42 [restartedMain] WARN  org.mybatis.spring.mapper.ClassPathMapperScanner - No MyBatis mapper was found in '[com.reginyuan.job.mapper]' package. Please check your configuration.
2026-02-03 12:28:00 [restartedMain] WARN  org.mybatis.spring.mapper.ClassPathMapperScanner - Skipping MapperFactoryBean with name 'jobCategoryMapper' and 'com.reginyuan.job.mapper.JobCategoryMapper' mapperInterface. Bean already defined with the same name!
2026-02-03 12:28:00 [restartedMain] WARN  org.mybatis.spring.mapper.ClassPathMapperScanner - Skipping MapperFactoryBean with name 'jobsMapper' and 'com.reginyuan.job.mapper.JobsMapper' mapperInterface. Bean already defined with the same name!
2026-02-03 12:28:00 [restartedMain] WARN  org.mybatis.spring.mapper.ClassPathMapperScanner - No MyBatis mapper was found in '[com.reginyuan.job.mapper]' package. Please check your configuration.
2026-02-03 12:28:02 [restartedMain] WARN  org.mybatis.spring.mapper.ClassPathMapperScanner - Skipping MapperFactoryBean with name 'jobCategoryMapper' and 'com.reginyuan.job.mapper.JobCategoryMapper' mapperInterface. Bean already defined with the same name!
2026-02-03 12:28:02 [restartedMain] WARN  org.mybatis.spring.mapper.ClassPathMapperScanner - Skipping MapperFactoryBean with name 'jobsMapper' and 'com.reginyuan.job.mapper.JobsMapper' mapperInterface. Bean already defined with the same name!
2026-02-03 12:28:02 [restartedMain] WARN  org.mybatis.spring.mapper.ClassPathMapperScanner - No MyBatis mapper was found in '[com.reginyuan.job.mapper]' package. Please check your configuration.
2026-02-03 12:28:35 [restartedMain] WARN  org.mybatis.spring.mapper.ClassPathMapperScanner - Skipping MapperFactoryBean with name 'jobCategoryMapper' and 'com.reginyuan.job.mapper.JobCategoryMapper' mapperInterface. Bean already defined with the same name!
2026-02-03 12:28:35 [restartedMain] WARN  org.mybatis.spring.mapper.ClassPathMapperScanner - Skipping MapperFactoryBean with name 'jobsMapper' and 'com.reginyuan.job.mapper.JobsMapper' mapperInterface. Bean already defined with the same name!
2026-02-03 12:28:35 [restartedMain] WARN  org.mybatis.spring.mapper.ClassPathMapperScanner - No MyBatis mapper was found in '[com.reginyuan.job.mapper]' package. Please check your configuration.
2026-02-03 12:29:03 [restartedMain] WARN  org.mybatis.spring.mapper.ClassPathMapperScanner - Skipping MapperFactoryBean with name 'jobCategoryMapper' and 'com.reginyuan.job.mapper.JobCategoryMapper' mapperInterface. Bean already defined with the same name!
2026-02-03 12:29:03 [restartedMain] WARN  org.mybatis.spring.mapper.ClassPathMapperScanner - Skipping MapperFactoryBean with name 'jobsMapper' and 'com.reginyuan.job.mapper.JobsMapper' mapperInterface. Bean already defined with the same name!
2026-02-03 12:29:03 [restartedMain] WARN  org.mybatis.spring.mapper.ClassPathMapperScanner - No MyBatis mapper was found in '[com.reginyuan.job.mapper]' package. Please check your configuration.
2026-02-03 12:29:50 [restartedMain] WARN  org.mybatis.spring.mapper.ClassPathMapperScanner - Skipping MapperFactoryBean with name 'jobCategoryMapper' and 'com.reginyuan.job.mapper.JobCategoryMapper' mapperInterface. Bean already defined with the same name!
2026-02-03 12:29:50 [restartedMain] WARN  org.mybatis.spring.mapper.ClassPathMapperScanner - Skipping MapperFactoryBean with name 'jobsMapper' and 'com.reginyuan.job.mapper.JobsMapper' mapperInterface. Bean already defined with the same name!
2026-02-03 12:29:50 [restartedMain] WARN  org.mybatis.spring.mapper.ClassPathMapperScanner - No MyBatis mapper was found in '[com.reginyuan.job.mapper]' package. Please check your configuration.
2026-02-03 12:30:07 [restartedMain] WARN  org.mybatis.spring.mapper.ClassPathMapperScanner - Skipping MapperFactoryBean with name 'jobCategoryMapper' and 'com.reginyuan.job.mapper.JobCategoryMapper' mapperInterface. Bean already defined with the same name!
2026-02-03 12:30:07 [restartedMain] WARN  org.mybatis.spring.mapper.ClassPathMapperScanner - Skipping MapperFactoryBean with name 'jobsMapper' and 'com.reginyuan.job.mapper.JobsMapper' mapperInterface. Bean already defined with the same name!
2026-02-03 12:30:07 [restartedMain] WARN  org.mybatis.spring.mapper.ClassPathMapperScanner - No MyBatis mapper was found in '[com.reginyuan.job.mapper]' package. Please check your configuration.
2026-02-03 12:32:07 [restartedMain] WARN  o.s.b.w.s.c.AnnotationConfigServletWebServerApplicationContext - Exception encountered during context initialization - cancelling refresh attempt: org.springframework.beans.factory.BeanDefinitionStoreException: Failed to parse configuration class [com.reginyuan.job.JobApplication]; nested exception is java.io.FileNotFoundException: class path resource [com/reginyuan/job/service/JobsService.class] cannot be opened because it does not exist
2026-02-03 12:32:10 [restartedMain] WARN  org.mybatis.spring.mapper.ClassPathMapperScanner - Skipping MapperFactoryBean with name 'jobCategoryMapper' and 'com.reginyuan.job.mapper.JobCategoryMapper' mapperInterface. Bean already defined with the same name!
2026-02-03 12:32:10 [restartedMain] WARN  org.mybatis.spring.mapper.ClassPathMapperScanner - Skipping MapperFactoryBean with name 'jobsMapper' and 'com.reginyuan.job.mapper.JobsMapper' mapperInterface. Bean already defined with the same name!
2026-02-03 12:32:10 [restartedMain] WARN  org.mybatis.spring.mapper.ClassPathMapperScanner - No MyBatis mapper was found in '[com.reginyuan.job.mapper]' package. Please check your configuration.
2026-02-03 12:32:10 [restartedMain] WARN  o.s.b.w.s.c.AnnotationConfigServletWebServerApplicationContext - Exception encountered during context initialization - cancelling refresh attempt: org.springframework.beans.factory.BeanCreationException: Error creating bean with name 'jobController': Injection of resource dependencies failed; nested exception is org.springframework.beans.factory.NoSuchBeanDefinitionException: No qualifying bean of type 'com.reginyuan.job.service.JobsService' available: expected at least 1 bean which qualifies as autowire candidate. Dependency annotations: {@javax.annotation.Resource(shareable=true, lookup=, name=, description=, authenticationType=CONTAINER, type=class java.lang.Object, mappedName=)}
2026-02-03 12:32:20 [restartedMain] WARN  org.mybatis.spring.mapper.ClassPathMapperScanner - Skipping MapperFactoryBean with name 'jobCategoryMapper' and 'com.reginyuan.job.mapper.JobCategoryMapper' mapperInterface. Bean already defined with the same name!
2026-02-03 12:32:20 [restartedMain] WARN  org.mybatis.spring.mapper.ClassPathMapperScanner - Skipping MapperFactoryBean with name 'jobsMapper' and 'com.reginyuan.job.mapper.JobsMapper' mapperInterface. Bean already defined with the same name!
2026-02-03 12:32:20 [restartedMain] WARN  org.mybatis.spring.mapper.ClassPathMapperScanner - No MyBatis mapper was found in '[com.reginyuan.job.mapper]' package. Please check your configuration.
2026-02-03 12:32:20 [restartedMain] WARN  o.s.b.w.s.c.AnnotationConfigServletWebServerApplicationContext - Exception encountered during context initialization - cancelling refresh attempt: org.springframework.beans.factory.BeanCreationException: Error creating bean with name 'jobController' defined in file [D:\code\java\job\target\classes\com\reginyuan\job\controller\JobController.class]: Post-processing of merged bean definition failed; nested exception is java.lang.IllegalStateException: Failed to introspect Class [com.reginyuan.job.controller.JobController] from ClassLoader [org.springframework.boot.devtools.restart.classloader.RestartClassLoader@53e19046]
2026-02-03 12:34:29 [restartedMain] WARN  org.mybatis.spring.mapper.ClassPathMapperScanner - Skipping MapperFactoryBean with name 'jobCategoryMapper' and 'com.reginyuan.job.mapper.JobCategoryMapper' mapperInterface. Bean already defined with the same name!
2026-02-03 12:34:29 [restartedMain] WARN  org.mybatis.spring.mapper.ClassPathMapperScanner - Skipping MapperFactoryBean with name 'jobsMapper' and 'com.reginyuan.job.mapper.JobsMapper' mapperInterface. Bean already defined with the same name!
2026-02-03 12:34:29 [restartedMain] WARN  org.mybatis.spring.mapper.ClassPathMapperScanner - No MyBatis mapper was found in '[com.reginyuan.job.mapper]' package. Please check your configuration.
2026-02-03 12:35:21 [restartedMain] WARN  org.mybatis.spring.mapper.ClassPathMapperScanner - Skipping MapperFactoryBean with name 'jobCategoryMapper' and 'com.reginyuan.job.mapper.JobCategoryMapper' mapperInterface. Bean already defined with the same name!
2026-02-03 12:35:21 [restartedMain] WARN  org.mybatis.spring.mapper.ClassPathMapperScanner - Skipping MapperFactoryBean with name 'jobsMapper' and 'com.reginyuan.job.mapper.JobsMapper' mapperInterface. Bean already defined with the same name!
2026-02-03 12:35:21 [restartedMain] WARN  org.mybatis.spring.mapper.ClassPathMapperScanner - No MyBatis mapper was found in '[com.reginyuan.job.mapper]' package. Please check your configuration.
2026-02-03 12:35:21 [restartedMain] WARN  o.s.b.w.s.c.AnnotationConfigServletWebServerApplicationContext - Exception encountered during context initialization - cancelling refresh attempt: org.springframework.beans.factory.BeanCreationException: Error creating bean with name 'jobController': Injection of resource dependencies failed; nested exception is org.springframework.beans.factory.NoSuchBeanDefinitionException: No qualifying bean of type 'com.reginyuan.job.service.JobsService' available: expected at least 1 bean which qualifies as autowire candidate. Dependency annotations: {@javax.annotation.Resource(shareable=true, lookup=, name=, description=, authenticationType=CONTAINER, type=class java.lang.Object, mappedName=)}
2026-02-03 12:35:23 [restartedMain] WARN  org.mybatis.spring.mapper.ClassPathMapperScanner - Skipping MapperFactoryBean with name 'jobCategoryMapper' and 'com.reginyuan.job.mapper.JobCategoryMapper' mapperInterface. Bean already defined with the same name!
2026-02-03 12:35:23 [restartedMain] WARN  org.mybatis.spring.mapper.ClassPathMapperScanner - Skipping MapperFactoryBean with name 'jobsMapper' and 'com.reginyuan.job.mapper.JobsMapper' mapperInterface. Bean already defined with the same name!
2026-02-03 12:35:23 [restartedMain] WARN  org.mybatis.spring.mapper.ClassPathMapperScanner - No MyBatis mapper was found in '[com.reginyuan.job.mapper]' package. Please check your configuration.
2026-02-03 12:38:34 [restartedMain] WARN  org.mybatis.spring.mapper.ClassPathMapperScanner - Skipping MapperFactoryBean with name 'jobCategoryMapper' and 'com.reginyuan.job.mapper.JobCategoryMapper' mapperInterface. Bean already defined with the same name!
2026-02-03 12:38:34 [restartedMain] WARN  org.mybatis.spring.mapper.ClassPathMapperScanner - Skipping MapperFactoryBean with name 'jobsMapper' and 'com.reginyuan.job.mapper.JobsMapper' mapperInterface. Bean already defined with the same name!
2026-02-03 12:38:34 [restartedMain] WARN  org.mybatis.spring.mapper.ClassPathMapperScanner - No MyBatis mapper was found in '[com.reginyuan.job.mapper]' package. Please check your configuration.
2026-02-03 12:38:36 [restartedMain] WARN  org.mybatis.spring.mapper.ClassPathMapperScanner - Skipping MapperFactoryBean with name 'jobCategoryMapper' and 'com.reginyuan.job.mapper.JobCategoryMapper' mapperInterface. Bean already defined with the same name!
2026-02-03 12:38:36 [restartedMain] WARN  org.mybatis.spring.mapper.ClassPathMapperScanner - Skipping MapperFactoryBean with name 'jobsMapper' and 'com.reginyuan.job.mapper.JobsMapper' mapperInterface. Bean already defined with the same name!
2026-02-03 12:38:36 [restartedMain] WARN  org.mybatis.spring.mapper.ClassPathMapperScanner - No MyBatis mapper was found in '[com.reginyuan.job.mapper]' package. Please check your configuration.
